--------------- Clean Started: 06/14/2020 20:57:02 Project: USB_UART_STEPPER, Configuration: ARM GCC 5.4-2016-q2-update Debug ---------------
Deleting file ".\ARM_GCC_541\Debug\main.o"
Deleting file ".\ARM_GCC_541\Debug\stepper.o"
Deleting file ".\ARM_GCC_541\Debug\uartParcer.o"
Deleting file ".\ARM_GCC_541\Debug\cyfitter_cfg.o"
Deleting file ".\ARM_GCC_541\Debug\cymetadata.o"
Deleting file ".\ARM_GCC_541\Debug\CyScBoostClk.o"
Deleting file ".\ARM_GCC_541\Debug\USBUART.o"
Deleting file ".\ARM_GCC_541\Debug\USBUART_audio.o"
Deleting file ".\ARM_GCC_541\Debug\USBUART_boot.o"
Deleting file ".\ARM_GCC_541\Debug\USBUART_cdc.o"
Deleting file ".\ARM_GCC_541\Debug\USBUART_cls.o"
Deleting file ".\ARM_GCC_541\Debug\USBUART_descr.o"
Deleting file ".\ARM_GCC_541\Debug\USBUART_drv.o"
Deleting file ".\ARM_GCC_541\Debug\USBUART_episr.o"
Deleting file ".\ARM_GCC_541\Debug\USBUART_hid.o"
Deleting file ".\ARM_GCC_541\Debug\USBUART_pm.o"
Deleting file ".\ARM_GCC_541\Debug\USBUART_std.o"
Deleting file ".\ARM_GCC_541\Debug\USBUART_vnd.o"
Deleting file ".\ARM_GCC_541\Debug\USBUART_midi.o"
Deleting file ".\ARM_GCC_541\Debug\USBUART_msc.o"
Deleting file ".\ARM_GCC_541\Debug\USBUART_Dm.o"
Deleting file ".\ARM_GCC_541\Debug\USBUART_Dp.o"
Deleting file ".\ARM_GCC_541\Debug\Cm3Start.o"
Deleting file ".\ARM_GCC_541\Debug\CyBootAsmGnu.o"
Deleting file ".\ARM_GCC_541\Debug\CyDmac.o"
Deleting file ".\ARM_GCC_541\Debug\CyFlash.o"
Deleting file ".\ARM_GCC_541\Debug\CyLib.o"
Deleting file ".\ARM_GCC_541\Debug\cyPm.o"
Deleting file ".\ARM_GCC_541\Debug\CySpc.o"
Deleting file ".\ARM_GCC_541\Debug\cyutils.o"
Deleting file ".\ARM_GCC_541\Debug\cy_em_eeprom.o"
Deleting file ".\ARM_GCC_541\Debug\Pin_Dir.o"
Deleting file ".\ARM_GCC_541\Debug\Pin_Step.o"
Deleting file ".\ARM_GCC_541\Debug\Pin_Clk.o"
Deleting file ".\ARM_GCC_541\Debug\Pin_Nc.o"
Deleting file ".\ARM_GCC_541\Debug\Pin_AS2.o"
Deleting file ".\ARM_GCC_541\Debug\Pin_AS1.o"
Deleting file ".\ARM_GCC_541\Debug\Pin_EN.o"
Deleting file ".\ARM_GCC_541\Debug\Pin_Pdn_Uart.o"
Deleting file ".\USB_UART_STEPPER.cycdx"
Deleting file ".\USB_UART_STEPPER.svd"
Deleting file ".\USB_UART_STEPPER.rpt"
Deleting file ".\USB_UART_STEPPER_timing.html"
Deleting file ".\ARM_GCC_541\Debug\.deps\SOURCE_C__ARM_GCC_GENERIC.P"
Deleting file ".\ARM_GCC_541\Debug\.deps\SOURCE_ASM__ARM_GCC_GENERIC.P"
--------------- Clean Succeeded: 06/14/2020 20:57:02 ---------------
